This file contains any messages produced by compilers while
running configure, to aid debugging if configure makes a mistake.

It was created by ImageMagick configure 7.0.7-11, which was
generated by GNU Autoconf 2.69.  Invocation command line was

  $ ./configure CC=c99 CFLAGS=-O2 LDFLAGS=-L/usr/local/lib -R/usr/local/lib LIBS=-ltiff

## --------- ##
## Platform. ##
## --------- ##

hostname = ubuntu
uname -m = x86_64
uname -r = 4.4.0-101-generic
uname -s = Linux
uname -v = #124-Ubuntu SMP Fri Nov 10 18:29:59 UTC 2017

/usr/bin/uname -p = unknown
/bin/uname -X     = unknown

/bin/arch              = unknown
/usr/bin/arch -k       = unknown
/usr/convex/getsysinfo = unknown
/usr/bin/hostinfo      = unknown
/bin/machine           = unknown
/usr/bin/oslevel       = unknown
/bin/universe          = unknown

PATH: /home/student/SA/ga-dev-tools/temp-python/bin
PATH: /home/student/google-cloud-sdk/bin
PATH: /home/student/anaconda3/bin
PATH: /home/student/anaconda3/bin
PATH: /home/student/.rbenv/plugins/ruby-build/bin
PATH: /home/student/.rbenv/shims
PATH: /home/student/.rbenv/bin
PATH: /home/student/bin
PATH: /home/student/.local/bin
PATH: /usr/local/sbin
PATH: /usr/local/bin
PATH: /usr/sbin
PATH: /usr/bin
PATH: /sbin
PATH: /bin
PATH: /usr/games
PATH: /usr/local/games
PATH: /snap/bin


## ----------- ##
## Core tests. ##
## ----------- ##

configure:3629: checking build system type
configure:3643: result: x86_64-pc-linux-gnu
configure:3663: checking host system type
configure:3676: result: x86_64-pc-linux-gnu
configure:3696: checking target system type
configure:3709: result: x86_64-pc-linux-gnu
configure:3753: checking for a BSD-compatible install
configure:3821: result: /usr/bin/install -c
configure:3832: checking whether build environment is sane
configure:3887: result: yes
configure:4038: checking for a thread-safe mkdir -p
configure:4077: result: /bin/mkdir -p
configure:4084: checking for gawk
configure:4114: result: no
configure:4084: checking for mawk
configure:4100: found /usr/bin/mawk
configure:4111: result: mawk
configure:4122: checking whether make sets $(MAKE)
configure:4144: result: yes
configure:4173: checking whether make supports nested variables
configure:4190: result: yes
configure:4279: checking whether UID '1000' is supported by ustar format
configure:4282: result: yes
configure:4289: checking whether GID '1000' is supported by ustar format
configure:4292: result: yes
configure:4300: checking how to create a ustar tar archive
configure:4311: tar --version
tar (GNU tar) 1.28
Copyright (C) 2014 Free Software Foundation, Inc.
License GPLv3+: GNU GPL version 3 or later <http://gnu.org/licenses/gpl.html>.
This is free software: you are free to change and redistribute it.
There is NO WARRANTY, to the extent permitted by law.

Written by John Gilmore and Jay Fenlason.
configure:4314: $? = 0
configure:4354: tardir=conftest.dir && eval tar --format=ustar -chf - "$tardir" >conftest.tar
configure:4357: $? = 0
configure:4361: tar -xf - <conftest.tar
configure:4364: $? = 0
configure:4366: cat conftest.dir/file
GrepMe
configure:4369: $? = 0
configure:4382: result: gnutar
configure:4443: checking whether make supports nested variables
configure:4460: result: yes
configure:4559: checking whether build environment is sane
configure:4614: result: yes
configure:4780: checking for style of include used by make
configure:4808: result: GNU
configure:4879: checking for gcc
configure:4906: result: c99
configure:5135: checking for C compiler version
configure:5144: c99 --version >&5
gcc (Ubuntu 5.4.0-6ubuntu1~16.04.5) 5.4.0 20160609
Copyright (C) 2015 Free Software Foundation, Inc.
This is free software; see the source for copying conditions.  There is NO
warranty; not even for MERCHANTABILITY or FITNESS FOR A PARTICULAR PURPOSE.

configure:5155: $? = 0
configure:5144: c99 -v >&5
Using built-in specs.
COLLECT_GCC=gcc
COLLECT_LTO_WRAPPER=/usr/lib/gcc/x86_64-linux-gnu/5/lto-wrapper
Target: x86_64-linux-gnu
Configured with: ../src/configure -v --with-pkgversion='Ubuntu 5.4.0-6ubuntu1~16.04.5' --with-bugurl=file:///usr/share/doc/gcc-5/README.Bugs --enable-languages=c,ada,c++,java,go,d,fortran,objc,obj-c++ --prefix=/usr --program-suffix=-5 --enable-shared --enable-linker-build-id --libexecdir=/usr/lib --without-included-gettext --enable-threads=posix --libdir=/usr/lib --enable-nls --with-sysroot=/ --enable-clocale=gnu --enable-libstdcxx-debug --enable-libstdcxx-time=yes --with-default-libstdcxx-abi=new --enable-gnu-unique-object --disable-vtable-verify --enable-libmpx --enable-plugin --with-system-zlib --disable-browser-plugin --enable-java-awt=gtk --enable-gtk-cairo --with-java-home=/usr/lib/jvm/java-1.5.0-gcj-5-amd64/jre --enable-java-home --with-jvm-root-dir=/usr/lib/jvm/java-1.5.0-gcj-5-amd64 --with-jvm-jar-dir=/usr/lib/jvm-exports/java-1.5.0-gcj-5-amd64 --with-arch-directory=amd64 --with-ecj-jar=/usr/share/java/eclipse-ecj.jar --enable-objc-gc --enable-multiarch --disable-werror --with-arch-32=i686 --with-abi=m64 --with-multilib-list=m32,m64,mx32 --enable-multilib --with-tune=generic --enable-checking=release --build=x86_64-linux-gnu --host=x86_64-linux-gnu --target=x86_64-linux-gnu
Thread model: posix
gcc version 5.4.0 20160609 (Ubuntu 5.4.0-6ubuntu1~16.04.5) 
configure:5155: $? = 0
configure:5144: c99 -V >&5
gcc: error: unrecognized command line option '-V'
gcc: fatal error: no input files
compilation terminated.
configure:5155: $? = 1
configure:5144: c99 -qversion >&5
gcc: error: unrecognized command line option '-qversion'
gcc: fatal error: no input files
compilation terminated.
configure:5155: $? = 1
configure:5175: checking whether the C compiler works
configure:5197: c99 -O2  -L/usr/local/lib -R/usr/local/lib conftest.c -ltiff >&5
gcc: error: unrecognized command line option '-R'
configure:5201: $? = 1
configure:5239: result: no
configure: failed program was:
| /* confdefs.h */
| #define PACKAGE_NAME "ImageMagick"
| #define PACKAGE_TARNAME "ImageMagick"
| #define PACKAGE_VERSION "7.0.7-11"
| #define PACKAGE_STRING "ImageMagick 7.0.7-11"
| #define PACKAGE_BUGREPORT "https://github.com/ImageMagick/ImageMagick/issues"
| #define PACKAGE_URL "https://www.imagemagick.org"
| #define PACKAGE "ImageMagick"
| #define VERSION "7.0.7-11"
| #define MAGICK_TARGET_CPU x86_64
| #define MAGICK_TARGET_VENDOR pc
| #define MAGICK_TARGET_OS linux-gnu
| /* end confdefs.h.  */
| 
| int
| main ()
| {
| 
|   ;
|   return 0;
| }
configure:5244: error: in `/home/student/SA/ga-dev-tools/ImageMagick-7.0.7-11':
configure:5246: error: C compiler cannot create executables
See `config.log' for more details

## ---------------- ##
## Cache variables. ##
## ---------------- ##

ac_cv_build=x86_64-pc-linux-gnu
ac_cv_env_AUTOTRACE_CFLAGS_set=
ac_cv_env_AUTOTRACE_CFLAGS_value=
ac_cv_env_AUTOTRACE_LIBS_set=
ac_cv_env_AUTOTRACE_LIBS_value=
ac_cv_env_CAIRO_SVG_CFLAGS_set=
ac_cv_env_CAIRO_SVG_CFLAGS_value=
ac_cv_env_CAIRO_SVG_LIBS_set=
ac_cv_env_CAIRO_SVG_LIBS_value=
ac_cv_env_CCC_set=
ac_cv_env_CCC_value=
ac_cv_env_CC_set=set
ac_cv_env_CC_value=c99
ac_cv_env_CFLAGS_set=set
ac_cv_env_CFLAGS_value=-O2
ac_cv_env_CPPFLAGS_set=
ac_cv_env_CPPFLAGS_value=
ac_cv_env_CPP_set=
ac_cv_env_CPP_value=
ac_cv_env_CXXCPP_set=
ac_cv_env_CXXCPP_value=
ac_cv_env_CXXFLAGS_set=
ac_cv_env_CXXFLAGS_value=
ac_cv_env_CXX_set=
ac_cv_env_CXX_value=
ac_cv_env_FONTCONFIG_CFLAGS_set=
ac_cv_env_FONTCONFIG_CFLAGS_value=
ac_cv_env_FONTCONFIG_LIBS_set=
ac_cv_env_FONTCONFIG_LIBS_value=
ac_cv_env_FREETYPE_CFLAGS_set=
ac_cv_env_FREETYPE_CFLAGS_value=
ac_cv_env_FREETYPE_LIBS_set=
ac_cv_env_FREETYPE_LIBS_value=
ac_cv_env_GVC_CFLAGS_set=
ac_cv_env_GVC_CFLAGS_value=
ac_cv_env_GVC_LIBS_set=
ac_cv_env_GVC_LIBS_value=
ac_cv_env_LCMS2_CFLAGS_set=
ac_cv_env_LCMS2_CFLAGS_value=
ac_cv_env_LCMS2_LIBS_set=
ac_cv_env_LCMS2_LIBS_value=
ac_cv_env_LDFLAGS_set=set
ac_cv_env_LDFLAGS_value='-L/usr/local/lib -R/usr/local/lib'
ac_cv_env_LIBOPENJP2_CFLAGS_set=
ac_cv_env_LIBOPENJP2_CFLAGS_value=
ac_cv_env_LIBOPENJP2_LIBS_set=
ac_cv_env_LIBOPENJP2_LIBS_value=
ac_cv_env_LIBS_set=set
ac_cv_env_LIBS_value=-ltiff
ac_cv_env_LQR_CFLAGS_set=
ac_cv_env_LQR_CFLAGS_value=
ac_cv_env_LQR_LIBS_set=
ac_cv_env_LQR_LIBS_value=
ac_cv_env_LT_SYS_LIBRARY_PATH_set=
ac_cv_env_LT_SYS_LIBRARY_PATH_value=
ac_cv_env_LZMA_CFLAGS_set=
ac_cv_env_LZMA_CFLAGS_value=
ac_cv_env_LZMA_LIBS_set=
ac_cv_env_LZMA_LIBS_value=
ac_cv_env_OPENEXR_CFLAGS_set=
ac_cv_env_OPENEXR_CFLAGS_value=
ac_cv_env_OPENEXR_LIBS_set=
ac_cv_env_OPENEXR_LIBS_value=
ac_cv_env_PANGO_CFLAGS_set=
ac_cv_env_PANGO_CFLAGS_value=
ac_cv_env_PANGO_LIBS_set=
ac_cv_env_PANGO_LIBS_value=
ac_cv_env_PKG_CONFIG_LIBDIR_set=
ac_cv_env_PKG_CONFIG_LIBDIR_value=
ac_cv_env_PKG_CONFIG_PATH_set=
ac_cv_env_PKG_CONFIG_PATH_value=
ac_cv_env_PKG_CONFIG_set=
ac_cv_env_PKG_CONFIG_value=
ac_cv_env_PNG_CFLAGS_set=
ac_cv_env_PNG_CFLAGS_value=
ac_cv_env_PNG_LIBS_set=
ac_cv_env_PNG_LIBS_value=
ac_cv_env_RAQM_CFLAGS_set=
ac_cv_env_RAQM_CFLAGS_value=
ac_cv_env_RAQM_LIBS_set=
ac_cv_env_RAQM_LIBS_value=
ac_cv_env_RAW_R_CFLAGS_set=
ac_cv_env_RAW_R_CFLAGS_value=
ac_cv_env_RAW_R_LIBS_set=
ac_cv_env_RAW_R_LIBS_value=
ac_cv_env_RSVG_CFLAGS_set=
ac_cv_env_RSVG_CFLAGS_value=
ac_cv_env_RSVG_LIBS_set=
ac_cv_env_RSVG_LIBS_value=
ac_cv_env_XMKMF_set=
ac_cv_env_XMKMF_value=
ac_cv_env_XML_CFLAGS_set=
ac_cv_env_XML_CFLAGS_value=
ac_cv_env_XML_LIBS_set=
ac_cv_env_XML_LIBS_value=
ac_cv_env_ZLIB_CFLAGS_set=
ac_cv_env_ZLIB_CFLAGS_value=
ac_cv_env_ZLIB_LIBS_set=
ac_cv_env_ZLIB_LIBS_value=
ac_cv_env_build_alias_set=
ac_cv_env_build_alias_value=
ac_cv_env_ddjvuapi_CFLAGS_set=
ac_cv_env_ddjvuapi_CFLAGS_value=
ac_cv_env_ddjvuapi_LIBS_set=
ac_cv_env_ddjvuapi_LIBS_value=
ac_cv_env_fftw3_CFLAGS_set=
ac_cv_env_fftw3_CFLAGS_value=
ac_cv_env_fftw3_LIBS_set=
ac_cv_env_fftw3_LIBS_value=
ac_cv_env_host_alias_set=
ac_cv_env_host_alias_value=
ac_cv_env_target_alias_set=
ac_cv_env_target_alias_value=
ac_cv_host=x86_64-pc-linux-gnu
ac_cv_path_install='/usr/bin/install -c'
ac_cv_path_mkdir=/bin/mkdir
ac_cv_prog_AWK=mawk
ac_cv_prog_ac_ct_CC=c99
ac_cv_prog_make_make_set=yes
ac_cv_target=x86_64-pc-linux-gnu
am_cv_make_support_nested_variables=yes
am_cv_prog_tar_ustar=gnutar

## ----------------- ##
## Output variables. ##
## ----------------- ##

ACLOCAL='${SHELL} /home/student/SA/ga-dev-tools/ImageMagick-7.0.7-11/config/missing aclocal-1.15'
AMDEPBACKSLASH='\'
AMDEP_FALSE='#'
AMDEP_TRUE=''
AMTAR='$${TAR-tar}'
AM_BACKSLASH='\'
AM_DEFAULT_V='$(AM_DEFAULT_VERBOSITY)'
AM_DEFAULT_VERBOSITY='0'
AM_V='$(V)'
AR=''
AS=''
AUTOCONF='${SHELL} /home/student/SA/ga-dev-tools/ImageMagick-7.0.7-11/config/missing autoconf'
AUTOHEADER='${SHELL} /home/student/SA/ga-dev-tools/ImageMagick-7.0.7-11/config/missing autoheader'
AUTOMAKE='${SHELL} /home/student/SA/ga-dev-tools/ImageMagick-7.0.7-11/config/missing automake-1.15'
AUTOTRACE_CFLAGS=''
AUTOTRACE_DELEGATE_FALSE=''
AUTOTRACE_DELEGATE_TRUE=''
AUTOTRACE_LIBS=''
AWK='mawk'
BIN_DIR='/usr/local/bin'
BPGDecodeDelegate=''
BPGEncodeDelegate=''
BZLIB_DELEGATE_FALSE=''
BZLIB_DELEGATE_TRUE=''
BZLIB_LIBS=''
BlenderDecodeDelegate=''
BrowseDelegate=''
CAIRO_DELEGATE_FALSE=''
CAIRO_DELEGATE_TRUE=''
CAIRO_SVG_CFLAGS=''
CAIRO_SVG_LIBS=''
CC='c99'
CCDEPMODE=''
CCMALLOCDelegate=''
CFLAGS='-O2'
CL_CFLAGS=''
CL_LIBS=''
CODER_DIRNAME=''
CODER_PATH=''
CONFIGURE_ARGS='./configure  '\''CC=c99'\'' '\''CFLAGS=-O2'\'' '\''LDFLAGS=-L/usr/local/lib -R/usr/local/lib'\'' '\''LIBS=-ltiff'\'''
CONFIGURE_PATH=''
CONFIG_STATUS_DEPENDENCIES='$(top_srcdir)/version.sh'
CPP=''
CPPFLAGS=''
CXX=''
CXXCPP=''
CXXDEPMODE=''
CXXFLAGS=''
CYGPATH_W='echo'
CYGWIN_BUILD_FALSE=''
CYGWIN_BUILD_TRUE=''
ConvertDelegate=''
DATA_DIR='/usr/local/share'
DEFS=''
DEPDIR='.deps'
DIRSEP=':'
DISTCHECK_CONFIG_FLAGS=''\''CC=c99'\'' '\''CFLAGS=-O2'\'' '\''LDFLAGS=-L/usr/local/lib -R/usr/local/lib'\'' '\''LIBS=-ltiff'\'' '
DJVU_CFLAGS=''
DJVU_DELEGATE_FALSE=''
DJVU_DELEGATE_TRUE=''
DJVU_LIBS=''
DLLTOOL=''
DNGDecodeDelegate=''
DOCDecodeDelegate=''
DOCUMENTATION_PATH=''
DOC_DIR='/usr/local/share/doc'
DPS_DELEGATE_FALSE=''
DPS_DELEGATE_TRUE=''
DPS_LIBS=''
DSYMUTIL=''
DUMPBIN=''
DVIDecodeDelegate=''
DisplayDelegate=''
ECHO_C=''
ECHO_N='-n'
ECHO_T=''
EGREP=''
EXECUTABLE_PATH=''
EXEC_PREFIX_DIR='/usr/local'
EXEEXT=''
EditorDelegate=''
FFTW_CFLAGS=''
FFTW_DELEGATE_FALSE=''
FFTW_DELEGATE_TRUE=''
FFTW_LIBS=''
FGREP=''
FILTER_DIRNAME=''
FILTER_PATH=''
FLIF_DELEGATE_FALSE=''
FLIF_DELEGATE_TRUE=''
FLIF_LIBS=''
FONTCONFIG_CFLAGS=''
FONTCONFIG_DELEGATE_FALSE=''
FONTCONFIG_DELEGATE_TRUE=''
FONTCONFIG_LIBS=''
FPX_DELEGATE_FALSE=''
FPX_DELEGATE_TRUE=''
FPX_LIBS=''
FREETYPE_CFLAGS=''
FREETYPE_DELEGATE_FALSE=''
FREETYPE_DELEGATE_TRUE=''
FREETYPE_LIBS=''
GDI32_LIBS=''
GOMP_LIBS=''
GREP=''
GSAlphaDevice=''
GSCMYKDevice=''
GSColorDevice=''
GSEPSDevice=''
GSMonoDevice=''
GSPDFDevice=''
GSPSDevice=''
GSVersion=''
GS_DELEGATE_FALSE=''
GS_DELEGATE_TRUE=''
GS_LIBS=''
GVCDecodeDelegate=''
GVC_CFLAGS=''
GVC_DELEGATE_FALSE=''
GVC_DELEGATE_TRUE=''
GVC_LIBS=''
HAVE_LD_VERSION_SCRIPT_FALSE=''
HAVE_LD_VERSION_SCRIPT_TRUE=''
HPGLDecodeDelegate=''
HTMLDecodeDelegate=''
HasJEMALLOC_FALSE=''
HasJEMALLOC_TRUE=''
HasUMEM_FALSE=''
HasUMEM_TRUE=''
ILBMDecodeDelegate=''
ILBMEncodeDelegate=''
INCLUDEARCH_DIR=''
INCLUDEARCH_PATH=''
INCLUDE_DIR='/usr/local/include'
INCLUDE_PATH=''
INFO_DIR='/usr/local/share/info'
INSTALL_DATA='${INSTALL} -m 644'
INSTALL_DOC_FALSE=''
INSTALL_DOC_TRUE=''
INSTALL_PROGRAM='${INSTALL}'
INSTALL_SCRIPT='${INSTALL}'
INSTALL_STRIP_PROGRAM='$(install_sh) -c -s'
INT16_T=''
INT32_F=''
INT32_T=''
INT64_F=''
INT64_T=''
INT8_T=''
JBIG_DELEGATE_FALSE=''
JBIG_DELEGATE_TRUE=''
JBIG_LIBS=''
JEMALLOC_LIBS=''
JPEG_DELEGATE_FALSE=''
JPEG_DELEGATE_TRUE=''
JPEG_LIBS=''
JXRDecodeDelegate=''
JXREncodeDelegate=''
LCMS2_CFLAGS=''
LCMS2_LIBS=''
LCMS_CFLAGS=''
LCMS_DELEGATE_FALSE=''
LCMS_DELEGATE_TRUE=''
LCMS_LIBS=''
LD=''
LDFLAGS='-L/usr/local/lib -R/usr/local/lib'
LEGACY_SUPPORT_FALSE=''
LEGACY_SUPPORT_TRUE=''
LEPDelegate=''
LFS_CPPFLAGS=''
LIBEXEC_DIR='/usr/local/libexec'
LIBOBJS=''
LIBOPENJP2_CFLAGS=''
LIBOPENJP2_DELEGATE_FALSE=''
LIBOPENJP2_DELEGATE_TRUE=''
LIBOPENJP2_LIBS=''
LIBRARY_EXTRA_CPPFLAGS=''
LIBRARY_PATH=''
LIBS='-ltiff'
LIBSTDCLDFLAGS=''
LIBTOOL=''
LIBTOOL_DEPS=''
LIB_BIN_BASEDIRNAME=''
LIB_BIN_DIR=''
LIB_BIN_DIR_PATH=''
LIB_BIN_DIR_RELATIVE_PATH=''
LIB_DIR='/usr/local/lib'
LIB_DL=''
LIPO=''
LN_S=''
LOCALSTATE_DIR='/usr/local/var'
LPDelegate=''
LPRDelegate=''
LQR_CFLAGS=''
LQR_DELEGATE_FALSE=''
LQR_DELEGATE_TRUE=''
LQR_LIBS=''
LTLIBOBJS=''
LT_SYS_LIBRARY_PATH=''
LZMA_CFLAGS=''
LZMA_DELEGATE_FALSE=''
LZMA_DELEGATE_TRUE=''
LZMA_LIBS=''
LaunchDelegate=''
MAGICKCORE_PATH=''
MAGICKPP_LIBRARY_AGE='0'
MAGICKPP_LIBRARY_CURRENT='3'
MAGICKPP_LIBRARY_CURRENT_MIN='3'
MAGICKPP_LIBRARY_REVISION='0'
MAGICKPP_LIBRARY_VERSION_INFO='3:0:0'
MAGICKPP_LIB_VERSION='0x030000'
MAGICKPP_LIB_VERSION_TEXT='7.0.7'
MAGICK_ABI_SUFFIX=''
MAGICK_CFLAGS=''
MAGICK_CODER_MODULE_PATH='/home/student/SA/ga-dev-tools/ImageMagick-7.0.7-11/coders'
MAGICK_CONFIGURE_BUILD_PATH='/home/student/SA/ga-dev-tools/ImageMagick-7.0.7-11/config'
MAGICK_CONFIGURE_SRC_PATH='/home/student/SA/ga-dev-tools/ImageMagick-7.0.7-11/config'
MAGICK_CPPFLAGS=''
MAGICK_CXXFLAGS=''
MAGICK_DELEGATES=''
MAGICK_DEP_LIBS=''
MAGICK_FEATURES=''
MAGICK_FILTER_MODULE_PATH='/home/student/SA/ga-dev-tools/ImageMagick-7.0.7-11/filters'
MAGICK_GIT_REVISION='21638:315d854ad:20171111'
MAGICK_HDRI=''
MAGICK_LDFLAGS=''
MAGICK_LIBRARY_AGE='0'
MAGICK_LIBRARY_CURRENT='4'
MAGICK_LIBRARY_CURRENT_MIN='4'
MAGICK_LIBRARY_REVISION='0'
MAGICK_LIBRARY_VERSION_INFO='4:0:0'
MAGICK_LIBS=''
MAGICK_LIB_VERSION='0x040000'
MAGICK_LIB_VERSION_NUMBER='4,0,0'
MAGICK_LIB_VERSION_TEXT='7.0.7'
MAGICK_LT_RELEASE_OPTS=''
MAGICK_MAJOR_VERSION='7'
MAGICK_MICRO_VERSION='7'
MAGICK_MINOR_VERSION='0'
MAGICK_PATCHLEVEL_VERSION='11'
MAGICK_PCFLAGS=''
MAGICK_TARGET_CPU='x86_64'
MAGICK_TARGET_OS='linux-gnu'
MAGICK_TARGET_VENDOR='pc'
MAGICK_VERSION='7.0.7-11'
MAINT=''
MAINTAINER_MODE_FALSE=''
MAINTAINER_MODE_TRUE=''
MAKEINFO='${SHELL} /home/student/SA/ga-dev-tools/ImageMagick-7.0.7-11/config/missing makeinfo'
MANIFEST_TOOL=''
MAN_DIR='/usr/local/share/man'
MATH_LIBS=''
MKDIR_P='/bin/mkdir -p'
MODULES_BASEDIRNAME=''
MODULES_DIRNAME=''
MODULES_PATH=''
MODULES_RELATIVE_PATH=''
MODULE_EXTRA_CPPFLAGS=''
MPEGDecodeDelegate=''
MPEGEncodeDelegate=''
MVDelegate=''
MogrifyDelegate=''
MrSIDDecodeDelegate=''
NM=''
NMEDIT=''
OBJDUMP=''
OBJEXT=''
OLE_LIBS=''
OPENEXR_CFLAGS=''
OPENEXR_DELEGATE_FALSE=''
OPENEXR_DELEGATE_TRUE=''
OPENEXR_LIBS=''
OPENMP_CFLAGS=''
OPENMP_CXXFLAGS=''
OSX_GCOV_LDFLAG=''
OTOOL64=''
OTOOL=''
P7ZIP=''
P7ZIP_DELEGATE_FALSE=''
P7ZIP_DELEGATE_TRUE=''
PACKAGE='ImageMagick'
PACKAGE_BUGREPORT='https://github.com/ImageMagick/ImageMagick/issues'
PACKAGE_CHANGE_DATE='20171111'
PACKAGE_LIB_VERSION='0x707'
PACKAGE_LIB_VERSION_NUMBER='7,0,7,11'
PACKAGE_NAME='ImageMagick'
PACKAGE_PERL_VERSION='7.07'
PACKAGE_RELEASE='11'
PACKAGE_RELEASE_DATE='2017-11-28'
PACKAGE_STRING='ImageMagick 7.0.7'
PACKAGE_TARNAME='ImageMagick'
PACKAGE_URL='https://www.imagemagick.org'
PACKAGE_VERSION='7.0.7'
PACKAGE_VERSION_ADDENDUM='-11'
PANGOCAIRO_DELEGATE_FALSE=''
PANGOCAIRO_DELEGATE_TRUE=''
PANGO_CFLAGS=''
PANGO_DELEGATE_FALSE=''
PANGO_DELEGATE_TRUE=''
PANGO_LIBS=''
PATH_SEPARATOR=':'
PCLCMYKDevice=''
PCLColorDevice=''
PCLDelegate=''
PCLMonoDevice=''
PCLVersion=''
PERL=''
PERLMAINCC='c99'
PERL_MAKE_OPTIONS=''
PERL_SUPPORTS_DESTDIR=''
PERL_VERSION=''
PERSISTINCLUDE_DIR='/usr/include'
PKG_CONFIG=''
PKG_CONFIG_LIBDIR=''
PKG_CONFIG_PATH=''
PNG_CFLAGS=''
PNG_DELEGATE_FALSE=''
PNG_DELEGATE_TRUE=''
PNG_LIBS=''
POW_LIB=''
PREFIX_DIR='/usr/local'
PRTDIAG=''
PSDelegate=''
PTHREAD_CC=''
PTHREAD_CFLAGS=''
PTHREAD_LIBS=''
PrintDelegate=''
QUANTUM_DEPTH=''
RANLIB=''
RAQM_CFLAGS=''
RAQM_DELEGATE_FALSE=''
RAQM_DELEGATE_TRUE=''
RAQM_LIBS=''
RAW_R_CFLAGS=''
RAW_R_DELEGATE_FALSE=''
RAW_R_DELEGATE_TRUE=''
RAW_R_LIBS=''
RMDelegate=''
RPM=''
RPM_DELEGATE_FALSE=''
RPM_DELEGATE_TRUE=''
RSVGDecodeDelegate=''
RSVG_CFLAGS=''
RSVG_DELEGATE_FALSE=''
RSVG_DELEGATE_TRUE=''
RSVG_LIBS=''
SBIN_DIR='/usr/local/sbin'
SED=''
SET_MAKE=''
SHAREARCH_BASEDIRNAME=''
SHAREARCH_DIR=''
SHAREARCH_DIRNAME=''
SHAREARCH_PATH=''
SHAREARCH_RELATIVE_PATH=''
SHAREDSTATE_DIR='/usr/local/com'
SHARE_PATH=''
SHELL='/bin/bash'
STRIP=''
SVGDecodeDelegate=''
SYSCONF_DIR='/usr/local/etc'
ShowImageDelegate=''
TAR=''
THREAD_LIBS=''
TIFF_DELEGATE_FALSE=''
TIFF_DELEGATE_TRUE=''
TIFF_LIBS=''
UINT16_T=''
UINT32_F=''
UINT32_T=''
UINT64_F=''
UINT64_T=''
UINT8_T=''
UINTMAX_F=''
UINTMAX_T=''
UINTPTR_F=''
UINTPTR_T=''
UMEM_LIBS=''
USING_CL_FALSE=''
USING_CL_TRUE=''
UniconvertorDelegate=''
VERSION='7.0.7-11'
WARN_CFLAGS=''
WARN_CXXFLAGS=''
WARN_LDFLAGS=''
WARN_SCANNERFLAGS=''
WEBP_DELEGATE_FALSE=''
WEBP_DELEGATE_TRUE=''
WEBP_LIBS=''
WIN32_NATIVE_BUILD_FALSE=''
WIN32_NATIVE_BUILD_TRUE=''
WINGDI32_DELEGATE_FALSE=''
WINGDI32_DELEGATE_TRUE=''
WITH_LTDL_FALSE=''
WITH_LTDL_TRUE=''
WITH_MAGICK_PLUS_PLUS_FALSE=''
WITH_MAGICK_PLUS_PLUS_TRUE=''
WITH_MODULES_FALSE=''
WITH_MODULES_TRUE=''
WITH_PERL_DYNAMIC_FALSE=''
WITH_PERL_DYNAMIC_TRUE=''
WITH_PERL_FALSE=''
WITH_PERL_STATIC_FALSE=''
WITH_PERL_STATIC_TRUE=''
WITH_PERL_TRUE=''
WITH_SHARED_LIBS_FALSE=''
WITH_SHARED_LIBS_TRUE=''
WMF_CFLAGS=''
WMF_DELEGATE_FALSE=''
WMF_DELEGATE_TRUE=''
WMF_LIBS=''
WWWDecodeDelegate=''
WebPDecodeDelegate=''
WebPEncodeDelegate=''
WinPathScript=''
X11_DELEGATE_FALSE=''
X11_DELEGATE_TRUE=''
X11_LIBS=''
XEXT_LIBS=''
XMKMF=''
XML_CFLAGS=''
XML_DELEGATE_FALSE=''
XML_DELEGATE_TRUE=''
XML_LIBS=''
XPSCMYKDevice=''
XPSColorDevice=''
XPSDelegate=''
XPSMonoDevice=''
XPSVersion=''
X_CFLAGS=''
X_EXTRA_LIBS=''
X_LIBS=''
X_PRE_LIBS=''
ZIP=''
ZIP_DELEGATE_FALSE=''
ZIP_DELEGATE_TRUE=''
ZLIB_CFLAGS=''
ZLIB_DELEGATE_FALSE=''
ZLIB_DELEGATE_TRUE=''
ZLIB_LIBS=''
ac_ct_AR=''
ac_ct_CC='c99'
ac_ct_CXX=''
ac_ct_DUMPBIN=''
am__EXEEXT_FALSE=''
am__EXEEXT_TRUE=''
am__fastdepCC_FALSE=''
am__fastdepCC_TRUE=''
am__fastdepCXX_FALSE=''
am__fastdepCXX_TRUE=''
am__include='include'
am__isrc=''
am__leading_dot='.'
am__nodep='_no'
am__quote=''
am__tar='tar --format=ustar -chf - "$$tardir"'
am__untar='tar -xf -'
apple_font_dir=''
ax_pthread_config=''
bindir='${exec_prefix}/bin'
build='x86_64-pc-linux-gnu'
build_alias=''
build_cpu='x86_64'
build_os='linux-gnu'
build_vendor='pc'
datadir='${datarootdir}'
datarootdir='${prefix}/share'
ddjvuapi_CFLAGS=''
ddjvuapi_LIBS=''
dejavu_font_dir=''
docdir='${datarootdir}/doc/${PACKAGE_TARNAME}'
dvidir='${docdir}'
exec_prefix='${prefix}'
fftw3_CFLAGS=''
fftw3_LIBS=''
ghostscript_font_dir=''
host='x86_64-pc-linux-gnu'
host_alias=''
host_cpu='x86_64'
host_os='linux-gnu'
host_vendor='pc'
htmldir='${docdir}'
includedir='${prefix}/include'
infodir='${datarootdir}/info'
install_sh='${SHELL} /home/student/SA/ga-dev-tools/ImageMagick-7.0.7-11/config/install-sh'
libdir='${exec_prefix}/lib'
libexecdir='${exec_prefix}/libexec'
localedir='${datarootdir}/locale'
localstatedir='${prefix}/var'
mandir='${datarootdir}/man'
mkdir_p='$(MKDIR_P)'
oldincludedir='/usr/include'
pdfdir='${docdir}'
pkgconfigdir=''
prefix='/usr/local'
program_transform_name='s,x,x,'
psdir='${docdir}'
sbindir='${exec_prefix}/sbin'
sharedstatedir='${prefix}/com'
sysconfdir='${prefix}/etc'
target='x86_64-pc-linux-gnu'
target_alias=''
target_cpu='x86_64'
target_os='linux-gnu'
target_vendor='pc'
type_include_files=''
urw_base35_font_dir=''
windows_font_dir=''

## ----------- ##
## confdefs.h. ##
## ----------- ##

/* confdefs.h */
#define PACKAGE_NAME "ImageMagick"
#define PACKAGE_TARNAME "ImageMagick"
#define PACKAGE_VERSION "7.0.7-11"
#define PACKAGE_STRING "ImageMagick 7.0.7-11"
#define PACKAGE_BUGREPORT "https://github.com/ImageMagick/ImageMagick/issues"
#define PACKAGE_URL "https://www.imagemagick.org"
#define PACKAGE "ImageMagick"
#define VERSION "7.0.7-11"
#define MAGICK_TARGET_CPU x86_64
#define MAGICK_TARGET_VENDOR pc
#define MAGICK_TARGET_OS linux-gnu

configure: exit 77
